#
# There is insufficient memory for the Java Runtime Environment to continue.
# Native memory allocation (malloc) failed to allocate 32744 bytes. Error detail: Chunk::new
# Possible reasons:
#   The system is out of physical RAM or swap space
#   This process is running with CompressedOops enabled, and the Java Heap may be blocking the growth of the native heap
# Possible solutions:
#   Reduce memory load on the system
#   Increase physical memory or swap space
#   Check if swap backing store is full
#   Decrease Java heap size (-Xmx/-Xms)
#   Decrease number of Java threads
#   Decrease Java thread stack sizes (-Xss)
#   Set larger code cache with -XX:ReservedCodeCacheSize=
#   JVM is running with Zero Based Compressed Oops mode in which the Java heap is
#     placed in the first 32GB address space. The Java Heap base address is the
#     maximum limit for the native heap growth. Please use -XX:HeapBaseMinAddress
#     to set the Java Heap base and to place the Java Heap above 32GB virtual address.
# This output file may be truncated or incomplete.
#
#  Out of Memory Error (arena.cpp:162), pid=36076, tid=50144
#
# JRE version: Java(TM) SE Runtime Environment (24.0.2+12) (build 24.0.2+12-54)
# Java VM: Java HotSpot(TM) 64-Bit Server VM (24.0.2+12-54, mixed mode, sharing, tiered, compressed oops, compressed class ptrs, g1 gc, windows-amd64)
# No core dump will be written. Minidumps are not enabled by default on client versions of Windows
#

---------------  S U M M A R Y ------------

Command Line: -Dfile.encoding=UTF-8 -Duser.country=US -Duser.language=en -Duser.variant org.dals.project.ApplicationKt

Host: Intel(R) Core(TM) i5-8265U CPU @ 1.60GHz, 8 cores, 15G,  Windows 11 , 64 bit Build 26100 (10.0.26100.7623)
Time: Sat Jan 17 19:57:35 2026 E. Africa Standard Time elapsed time: 0.894385 seconds (0d 0h 0m 0s)

---------------  T H R E A D  ---------------

Current thread (0x0000026182992b00):  JavaThread "C1 CompilerThread0" daemon [_thread_in_native, id=50144, stack(0x000000cf9d800000,0x000000cf9d900000) (1024K)]


Current CompileTask:
C1:894  540       3       jdk.internal.classfile.impl.StackMapGenerator::processBlock (2767 bytes)

Stack: [0x000000cf9d800000,0x000000cf9d900000]
Native frames: (J=compiled Java code, j=interpreted, Vv=VM code, C=native code)
V  [jvm.dll+0x730829]  (no source info available)
V  [jvm.dll+0x8d9da3]  (no source info available)
V  [jvm.dll+0x8dc28d]  (no source info available)
V  [jvm.dll+0x8dc903]  (no source info available)
V  [jvm.dll+0x2a9f56]  (no source info available)
V  [jvm.dll+0xced7f]  (no source info available)
V  [jvm.dll+0xcefdf]  (no source info available)
V  [jvm.dll+0x181624]  (no source info available)
V  [jvm.dll+0x1848c6]  (no source info available)
V  [jvm.dll+0x1842bb]  (no source info available)
V  [jvm.dll+0x17ba12]  (no source info available)
V  [jvm.dll+0x17dc7c]  (no source info available)
V  [jvm.dll+0x17c2ac]  (no source info available)
V  [jvm.dll+0x17590f]  (no source info available)
V  [jvm.dll+0x185f31]  (no source info available)
V  [jvm.dll+0x17100b]  (no source info available)
V  [jvm.dll+0x171403]  (no source info available)
V  [jvm.dll+0x17176b]  (no source info available)
V  [jvm.dll+0x170b3c]  (no source info available)
V  [jvm.dll+0x17295d]  (no source info available)
V  [jvm.dll+0x27e0cb]  (no source info available)
V  [jvm.dll+0x27c36a]  (no source info available)
V  [jvm.dll+0x42f396]  (no source info available)
V  [jvm.dll+0x87d9eb]  (no source info available)
V  [jvm.dll+0x72ef45]  (no source info available)
C  [ucrtbase.dll+0x37b0]  (no source info available)
C  [KERNEL32.DLL+0x2e8d7]  (no source info available)
C  [ntdll.dll+0x8c53c]  (no source info available)

Lock stack of current Java thread (top to bottom):


---------------  P R O C E S S  ---------------

Threads class SMR info:
_java_thread_list=0x0000026182a35750, length=11, elements={
0x00000261e0fa9600, 0x0000026182989c00, 0x000002618298c450, 0x000002618298ef90,
0x000002618298fac0, 0x00000261829905f0, 0x0000026182991120, 0x0000026182991f80,
0x0000026182992b00, 0x0000026182a36570, 0x0000026182a40f90
}

Java Threads: ( => current thread )
  0x00000261e0fa9600 JavaThread "main"                              [_thread_in_vm, id=38300, stack(0x000000cf9c900000,0x000000cf9ca00000) (1024K)]
  0x0000026182989c00 JavaThread "Reference Handler"          daemon [_thread_blocked, id=45380, stack(0x000000cf9d100000,0x000000cf9d200000) (1024K)]
  0x000002618298c450 JavaThread "Finalizer"                  daemon [_thread_blocked, id=25860, stack(0x000000cf9d200000,0x000000cf9d300000) (1024K)]
  0x000002618298ef90 JavaThread "Signal Dispatcher"          daemon [_thread_blocked, id=39700, stack(0x000000cf9d300000,0x000000cf9d400000) (1024K)]
  0x000002618298fac0 JavaThread "Attach Listener"            daemon [_thread_blocked, id=28556, stack(0x000000cf9d400000,0x000000cf9d500000) (1024K)]
  0x00000261829905f0 JavaThread "Service Thread"             daemon [_thread_blocked, id=43236, stack(0x000000cf9d500000,0x000000cf9d600000) (1024K)]
  0x0000026182991120 JavaThread "Monitor Deflation Thread"   daemon [_thread_blocked, id=54100, stack(0x000000cf9d600000,0x000000cf9d700000) (1024K)]
  0x0000026182991f80 JavaThread "C2 CompilerThread0"         daemon [_thread_in_native, id=35092, stack(0x000000cf9d700000,0x000000cf9d800000) (1024K)]
=>0x0000026182992b00 JavaThread "C1 CompilerThread0"         daemon [_thread_in_native, id=50144, stack(0x000000cf9d800000,0x000000cf9d900000) (1024K)]
  0x0000026182a36570 JavaThread "Notification Thread"        daemon [_thread_blocked, id=25516, stack(0x000000cf9d900000,0x000000cf9da00000) (1024K)]
  0x0000026182a40f90 JavaThread "Common-Cleaner"             daemon [_thread_blocked, id=43252, stack(0x000000cf9da00000,0x000000cf9db00000) (1024K)]
Total: 11

Other Threads:
  0x0000026182319610 VMThread "VM Thread"                           [id=41904, stack(0x000000cf9d000000,0x000000cf9d100000) (1024K)]
  0x0000026182302180 WatcherThread "VM Periodic Task Thread"        [id=49960, stack(0x000000cf9cf00000,0x000000cf9d000000) (1024K)]
  0x00000261e34b9e90 WorkerThread "GC Thread#0"                     [id=48192, stack(0x000000cf9ca00000,0x000000cf9cb00000) (1024K)]
  0x00000261e34cf840 ConcurrentGCThread "G1 Main Marker"            [id=21456, stack(0x000000cf9cb00000,0x000000cf9cc00000) (1024K)]
  0x00000261e34d0af0 WorkerThread "G1 Conc#0"                       [id=32980, stack(0x000000cf9cc00000,0x000000cf9cd00000) (1024K)]
  0x00000261e34fe3d0 ConcurrentGCThread "G1 Refine#0"               [id=9776, stack(0x000000cf9cd00000,0x000000cf9ce00000) (1024K)]
  0x00000261821b70b0 ConcurrentGCThread "G1 Service"                [id=25796, stack(0x000000cf9ce00000,0x000000cf9cf00000) (1024K)]
Total: 7

Threads with active compile tasks:
C2 CompilerThread0  1068  513   !   4       jdk.internal.loader.URLClassPath$JarLoader::getResource (39 bytes)
C1 CompilerThread0  1068  540       3       jdk.internal.classfile.impl.StackMapGenerator::processBlock (2767 bytes)
Total: 2

VM state: not at safepoint (normal execution)

VM Mutex/Monitor currently owned by a thread: None

Heap address: 0x0000000704600000, size: 4026 MB, Compressed Oops mode: Zero based, Oop shift amount: 3

CDS archive(s) mapped at: [0x0000026183000000-0x0000026183d40000-0x0000026183d40000), size 13893632, SharedBaseAddress: 0x0000026183000000, ArchiveRelocationMode: 1.
Compressed class space mapped at: 0x0000026184000000-0x00000261c4000000, reserved size: 1073741824
UseCompressedClassPointers 1, UseCompactObjectHeaders 0
Narrow klass pointer bits 32, Max shift 3
Narrow klass base: 0x0000026183000000, Narrow klass shift: 0
Encoding Range: [0x0000026183000000 - 0x0000026283000000), (4294967296 bytes)
Klass Range:    [0x0000026183000000 - 0x00000261c4000000), (1090519040 bytes)
Klass ID Range:  [8 - 1090519033) (1090519025)

GC Precious Log:
 CardTable entry size: 512
 Card Set container configuration: InlinePtr #cards 4 size 8 Array Of Cards #cards 16 size 48 Howl #buckets 8 coarsen threshold 3686 Howl Bitmap #cards 512 size 80 coarsen threshold 460 Card regions per heap region 1 cards per card region 4096
 CPUs: 8 total, 8 available
 Memory: 16102M
 Large Page Support: Disabled
 NUMA Support: Disabled
 Compressed Oops: Enabled (Zero based)
 Heap Region Size: 2M
 Heap Min Capacity: 8M
 Heap Initial Capacity: 252M
 Heap Max Capacity: 4026M
 Pre-touch: Disabled
 Parallel Workers: 8
 Concurrent Workers: 2
 Concurrent Refinement Workers: 8
 Periodic GC: Disabled

Heap:
 garbage-first heap   total reserved 4122624K, committed 260096K, used 11380K [0x0000000704600000, 0x0000000800000000)
  region size 2048K, 6 young (12288K), 0 survivors (0K)
 Metaspace       used 3150K, committed 3264K, reserved 1114112K
  class space    used 250K, committed 320K, reserved 1048576K

Heap Regions: E=young(eden), S=young(survivor), O=old, HS=humongous(starts), HC=humongous(continues), CS=collection set, F=free, TAMS=top-at-mark-start, PB=parsable bottom
|   0|0x0000000704600000, 0x0000000704600000, 0x0000000704800000|  0%| F|  |TAMS 0x0000000704600000| PB 0x0000000704600000| Untracked |  0
|   1|0x0000000704800000, 0x0000000704800000, 0x0000000704a00000|  0%| F|  |TAMS 0x0000000704800000| PB 0x0000000704800000| Untracked |  0
|   2|0x0000000704a00000, 0x0000000704a00000, 0x0000000704c00000|  0%| F|  |TAMS 0x0000000704a00000| PB 0x0000000704a00000| Untracked |  0
|   3|0x0000000704c00000, 0x0000000704c00000, 0x0000000704e00000|  0%| F|  |TAMS 0x0000000704c00000| PB 0x0000000704c00000| Untracked |  0
|   4|0x0000000704e00000, 0x0000000704e00000, 0x0000000705000000|  0%| F|  |TAMS 0x0000000704e00000| PB 0x0000000704e00000| Untracked |  0
|   5|0x0000000705000000, 0x0000000705000000, 0x0000000705200000|  0%| F|  |TAMS 0x0000000705000000| PB 0x0000000705000000| Untracked |  0
|   6|0x0000000705200000, 0x0000000705200000, 0x0000000705400000|  0%| F|  |TAMS 0x0000000705200000| PB 0x0000000705200000| Untracked |  0
|   7|0x0000000705400000, 0x0000000705400000, 0x0000000705600000|  0%| F|  |TAMS 0x0000000705400000| PB 0x0000000705400000| Untracked |  0
|   8|0x0000000705600000, 0x0000000705600000, 0x0000000705800000|  0%| F|  |TAMS 0x0000000705600000| PB 0x0000000705600000| Untracked |  0
|   9|0x0000000705800000, 0x0000000705800000, 0x0000000705a00000|  0%| F|  |TAMS 0x0000000705800000| PB 0x0000000705800000| Untracked |  0
|  10|0x0000000705a00000, 0x0000000705a00000, 0x0000000705c00000|  0%| F|  |TAMS 0x0000000705a00000| PB 0x0000000705a00000| Untracked |  0
|  11|0x0000000705c00000, 0x0000000705c00000, 0x0000000705e00000|  0%| F|  |TAMS 0x0000000705c00000| PB 0x0000000705c00000| Untracked |  0
|  12|0x0000000705e00000, 0x0000000705e00000, 0x0000000706000000|  0%| F|  |TAMS 0x0000000705e00000| PB 0x0000000705e00000| Untracked |  0
|  13|0x0000000706000000, 0x0000000706000000, 0x0000000706200000|  0%| F|  |TAMS 0x0000000706000000| PB 0x0000000706000000| Untracked |  0
|  14|0x0000000706200000, 0x0000000706200000, 0x0000000706400000|  0%| F|  |TAMS 0x0000000706200000| PB 0x0000000706200000| Untracked |  0
|  15|0x0000000706400000, 0x0000000706400000, 0x0000000706600000|  0%| F|  |TAMS 0x0000000706400000| PB 0x0000000706400000| Untracked |  0
|  16|0x0000000706600000, 0x0000000706600000, 0x0000000706800000|  0%| F|  |TAMS 0x0000000706600000| PB 0x0000000706600000| Untracked |  0
|  17|0x0000000706800000, 0x0000000706800000, 0x0000000706a00000|  0%| F|  |TAMS 0x0000000706800000| PB 0x0000000706800000| Untracked |  0
|  18|0x0000000706a00000, 0x0000000706a00000, 0x0000000706c00000|  0%| F|  |TAMS 0x0000000706a00000| PB 0x0000000706a00000| Untracked |  0
|  19|0x0000000706c00000, 0x0000000706c00000, 0x0000000706e00000|  0%| F|  |TAMS 0x0000000706c00000| PB 0x0000000706c00000| Untracked |  0
|  20|0x0000000706e00000, 0x0000000706e00000, 0x0000000707000000|  0%| F|  |TAMS 0x0000000706e00000| PB 0x0000000706e00000| Untracked |  0
|  21|0x0000000707000000, 0x0000000707000000, 0x0000000707200000|  0%| F|  |TAMS 0x0000000707000000| PB 0x0000000707000000| Untracked |  0
|  22|0x0000000707200000, 0x0000000707200000, 0x0000000707400000|  0%| F|  |TAMS 0x0000000707200000| PB 0x0000000707200000| Untracked |  0
|  23|0x0000000707400000, 0x0000000707400000, 0x0000000707600000|  0%| F|  |TAMS 0x0000000707400000| PB 0x0000000707400000| Untracked |  0
|  24|0x0000000707600000, 0x0000000707600000, 0x0000000707800000|  0%| F|  |TAMS 0x0000000707600000| PB 0x0000000707600000| Untracked |  0
|  25|0x0000000707800000, 0x0000000707800000, 0x0000000707a00000|  0%| F|  |TAMS 0x0000000707800000| PB 0x0000000707800000| Untracked |  0
|  26|0x0000000707a00000, 0x0000000707a00000, 0x0000000707c00000|  0%| F|  |TAMS 0x0000000707a00000| PB 0x0000000707a00000| Untracked |  0
|  27|0x0000000707c00000, 0x0000000707c00000, 0x0000000707e00000|  0%| F|  |TAMS 0x0000000707c00000| PB 0x0000000707c00000| Untracked |  0
|  28|0x0000000707e00000, 0x0000000707e00000, 0x0000000708000000|  0%| F|  |TAMS 0x0000000707e00000| PB 0x0000000707e00000| Untracked |  0
|  29|0x0000000708000000, 0x0000000708000000, 0x0000000708200000|  0%| F|  |TAMS 0x0000000708000000| PB 0x0000000708000000| Untracked |  0
|  30|0x0000000708200000, 0x0000000708200000, 0x0000000708400000|  0%| F|  |TAMS 0x0000000708200000| PB 0x0000000708200000| Untracked |  0
|  31|0x0000000708400000, 0x0000000708400000, 0x0000000708600000|  0%| F|  |TAMS 0x0000000708400000| PB 0x0000000708400000| Untracked |  0
|  32|0x0000000708600000, 0x0000000708600000, 0x0000000708800000|  0%| F|  |TAMS 0x0000000708600000| PB 0x0000000708600000| Untracked |  0
|  33|0x0000000708800000, 0x0000000708800000, 0x0000000708a00000|  0%| F|  |TAMS 0x0000000708800000| PB 0x0000000708800000| Untracked |  0
|  34|0x0000000708a00000, 0x0000000708a00000, 0x0000000708c00000|  0%| F|  |TAMS 0x0000000708a00000| PB 0x0000000708a00000| Untracked |  0
|  35|0x0000000708c00000, 0x0000000708c00000, 0x0000000708e00000|  0%| F|  |TAMS 0x0000000708c00000| PB 0x0000000708c00000| Untracked |  0
|  36|0x0000000708e00000, 0x0000000708e00000, 0x0000000709000000|  0%| F|  |TAMS 0x0000000708e00000| PB 0x0000000708e00000| Untracked |  0
|  37|0x0000000709000000, 0x0000000709000000, 0x0000000709200000|  0%| F|  |TAMS 0x0000000709000000| PB 0x0000000709000000| Untracked |  0
|  38|0x0000000709200000, 0x0000000709200000, 0x0000000709400000|  0%| F|  |TAMS 0x0000000709200000| PB 0x0000000709200000| Untracked |  0
|  39|0x0000000709400000, 0x0000000709400000, 0x0000000709600000|  0%| F|  |TAMS 0x0000000709400000| PB 0x0000000709400000| Untracked |  0
|  40|0x0000000709600000, 0x0000000709600000, 0x0000000709800000|  0%| F|  |TAMS 0x0000000709600000| PB 0x0000000709600000| Untracked |  0
|  41|0x0000000709800000, 0x0000000709800000, 0x0000000709a00000|  0%| F|  |TAMS 0x0000000709800000| PB 0x0000000709800000| Untracked |  0
|  42|0x0000000709a00000, 0x0000000709a00000, 0x0000000709c00000|  0%| F|  |TAMS 0x0000000709a00000| PB 0x0000000709a00000| Untracked |  0
|  43|0x0000000709c00000, 0x0000000709c00000, 0x0000000709e00000|  0%| F|  |TAMS 0x0000000709c00000| PB 0x0000000709c00000| Untracked |  0
|  44|0x0000000709e00000, 0x0000000709e00000, 0x000000070a000000|  0%| F|  |TAMS 0x0000000709e00000| PB 0x0000000709e00000| Untracked |  0
|  45|0x000000070a000000, 0x000000070a000000, 0x000000070a200000|  0%| F|  |TAMS 0x000000070a000000| PB 0x000000070a000000| Untracked |  0
|  46|0x000000070a200000, 0x000000070a200000, 0x000000070a400000|  0%| F|  |TAMS 0x000000070a200000| PB 0x000000070a200000| Untracked |  0
|  47|0x000000070a400000, 0x000000070a400000, 0x000000070a600000|  0%| F|  |TAMS 0x000000070a400000| PB 0x000000070a400000| Untracked |  0
|  48|0x000000070a600000, 0x000000070a600000, 0x000000070a800000|  0%| F|  |TAMS 0x000000070a600000| PB 0x000000070a600000| Untracked |  0
|  49|0x000000070a800000, 0x000000070a800000, 0x000000070aa00000|  0%| F|  |TAMS 0x000000070a800000| PB 0x000000070a800000| Untracked |  0
|  50|0x000000070aa00000, 0x000000070aa00000, 0x000000070ac00000|  0%| F|  |TAMS 0x000000070aa00000| PB 0x000000070aa00000| Untracked |  0
|  51|0x000000070ac00000, 0x000000070ac00000, 0x000000070ae00000|  0%| F|  |TAMS 0x000000070ac00000| PB 0x000000070ac00000| Untracked |  0
|  52|0x000000070ae00000, 0x000000070ae00000, 0x000000070b000000|  0%| F|  |TAMS 0x000000070ae00000| PB 0x000000070ae00000| Untracked |  0
|  53|0x000000070b000000, 0x000000070b000000, 0x000000070b200000|  0%| F|  |TAMS 0x000000070b000000| PB 0x000000070b000000| Untracked |  0
|  54|0x000000070b200000, 0x000000070b200000, 0x000000070b400000|  0%| F|  |TAMS 0x000000070b200000| PB 0x000000070b200000| Untracked |  0
|  55|0x000000070b400000, 0x000000070b400000, 0x000000070b600000|  0%| F|  |TAMS 0x000000070b400000| PB 0x000000070b400000| Untracked |  0
|  56|0x000000070b600000, 0x000000070b600000, 0x000000070b800000|  0%| F|  |TAMS 0x000000070b600000| PB 0x000000070b600000| Untracked |  0
|  57|0x000000070b800000, 0x000000070b800000, 0x000000070ba00000|  0%| F|  |TAMS 0x000000070b800000| PB 0x000000070b800000| Untracked |  0
|  58|0x000000070ba00000, 0x000000070ba00000, 0x000000070bc00000|  0%| F|  |TAMS 0x000000070ba00000| PB 0x000000070ba00000| Untracked |  0
|  59|0x000000070bc00000, 0x000000070bc00000, 0x000000070be00000|  0%| F|  |TAMS 0x000000070bc00000| PB 0x000000070bc00000| Untracked |  0
|  60|0x000000070be00000, 0x000000070be00000, 0x000000070c000000|  0%| F|  |TAMS 0x000000070be00000| PB 0x000000070be00000| Untracked |  0
|  61|0x000000070c000000, 0x000000070c000000, 0x000000070c200000|  0%| F|  |TAMS 0x000000070c000000| PB 0x000000070c000000| Untracked |  0
|  62|0x000000070c200000, 0x000000070c200000, 0x000000070c400000|  0%| F|  |TAMS 0x000000070c200000| PB 0x000000070c200000| Untracked |  0
|  63|0x000000070c400000, 0x000000070c400000, 0x000000070c600000|  0%| F|  |TAMS 0x000000070c400000| PB 0x000000070c400000| Untracked |  0
|  64|0x000000070c600000, 0x000000070c600000, 0x000000070c800000|  0%| F|  |TAMS 0x000000070c600000| PB 0x000000070c600000| Untracked |  0
|  65|0x000000070c800000, 0x000000070c800000, 0x000000070ca00000|  0%| F|  |TAMS 0x000000070c800000| PB 0x000000070c800000| Untracked |  0
|  66|0x000000070ca00000, 0x000000070ca00000, 0x000000070cc00000|  0%| F|  |TAMS 0x000000070ca00000| PB 0x000000070ca00000| Untracked |  0
|  67|0x000000070cc00000, 0x000000070cc00000, 0x000000070ce00000|  0%| F|  |TAMS 0x000000070cc00000| PB 0x000000070cc00000| Untracked |  0
|  68|0x000000070ce00000, 0x000000070ce00000, 0x000000070d000000|  0%| F|  |TAMS 0x000000070ce00000| PB 0x000000070ce00000| Untracked |  0
|  69|0x000000070d000000, 0x000000070d000000, 0x000000070d200000|  0%| F|  |TAMS 0x000000070d000000| PB 0x000000070d000000| Untracked |  0
|  70|0x000000070d200000, 0x000000070d200000, 0x000000070d400000|  0%| F|  |TAMS 0x000000070d200000| PB 0x000000070d200000| Untracked |  0
|  71|0x000000070d400000, 0x000000070d400000, 0x000000070d600000|  0%| F|  |TAMS 0x000000070d400000| PB 0x000000070d400000| Untracked |  0
|  72|0x000000070d600000, 0x000000070d600000, 0x000000070d800000|  0%| F|  |TAMS 0x000000070d600000| PB 0x000000070d600000| Untracked |  0
|  73|0x000000070d800000, 0x000000070d800000, 0x000000070da00000|  0%| F|  |TAMS 0x000000070d800000| PB 0x000000070d800000| Untracked |  0
|  74|0x000000070da00000, 0x000000070da00000, 0x000000070dc00000|  0%| F|  |TAMS 0x000000070da00000| PB 0x000000070da00000| Untracked |  0
|  75|0x000000070dc00000, 0x000000070dc00000, 0x000000070de00000|  0%| F|  |TAMS 0x000000070dc00000| PB 0x000000070dc00000| Untracked |  0
|  76|0x000000070de00000, 0x000000070de00000, 0x000000070e000000|  0%| F|  |TAMS 0x000000070de00000| PB 0x000000070de00000| Untracked |  0
|  77|0x000000070e000000, 0x000000070e000000, 0x000000070e200000|  0%| F|  |TAMS 0x000000070e000000| PB 0x000000070e000000| Untracked |  0
|  78|0x000000070e200000, 0x000000070e200000, 0x000000070e400000|  0%| F|  |TAMS 0x000000070e200000| PB 0x000000070e200000| Untracked |  0
|  79|0x000000070e400000, 0x000000070e400000, 0x000000070e600000|  0%| F|  |TAMS 0x000000070e400000| PB 0x000000070e400000| Untracked |  0
|  80|0x000000070e600000, 0x000000070e600000, 0x000000070e800000|  0%| F|  |TAMS 0x000000070e600000| PB 0x000000070e600000| Untracked |  0
|  81|0x000000070e800000, 0x000000070e800000, 0x000000070ea00000|  0%| F|  |TAMS 0x000000070e800000| PB 0x000000070e800000| Untracked |  0
|  82|0x000000070ea00000, 0x000000070ea00000, 0x000000070ec00000|  0%| F|  |TAMS 0x000000070ea00000| PB 0x000000070ea00000| Untracked |  0
|  83|0x000000070ec00000, 0x000000070ec00000, 0x000000070ee00000|  0%| F|  |TAMS 0x000000070ec00000| PB 0x000000070ec00000| Untracked |  0
|  84|0x000000070ee00000, 0x000000070ee00000, 0x000000070f000000|  0%| F|  |TAMS 0x000000070ee00000| PB 0x000000070ee00000| Untracked |  0
|  85|0x000000070f000000, 0x000000070f000000, 0x000000070f200000|  0%| F|  |TAMS 0x000000070f000000| PB 0x000000070f000000| Untracked |  0
|  86|0x000000070f200000, 0x000000070f200000, 0x000000070f400000|  0%| F|  |TAMS 0x000000070f200000| PB 0x000000070f200000| Untracked |  0
|  87|0x000000070f400000, 0x000000070f400000, 0x000000070f600000|  0%| F|  |TAMS 0x000000070f400000| PB 0x000000070f400000| Untracked |  0
|  88|0x000000070f600000, 0x000000070f600000, 0x000000070f800000|  0%| F|  |TAMS 0x000000070f600000| PB 0x000000070f600000| Untracked |  0
|  89|0x000000070f800000, 0x000000070f800000, 0x000000070fa00000|  0%| F|  |TAMS 0x000000070f800000| PB 0x000000070f800000| Untracked |  0
|  90|0x000000070fa00000, 0x000000070fa00000, 0x000000070fc00000|  0%| F|  |TAMS 0x000000070fa00000| PB 0x000000070fa00000| Untracked |  0
|  91|0x000000070fc00000, 0x000000070fc00000, 0x000000070fe00000|  0%| F|  |TAMS 0x000000070fc00000| PB 0x000000070fc00000| Untracked |  0
|  92|0x000000070fe00000, 0x000000070fe00000, 0x0000000710000000|  0%| F|  |TAMS 0x000000070fe00000| PB 0x000000070fe00000| Untracked |  0
|  93|0x0000000710000000, 0x0000000710000000, 0x0000000710200000|  0%| F|  |TAMS 0x0000000710000000| PB 0x0000000710000000| Untracked |  0
|  94|0x0000000710200000, 0x0000000710200000, 0x0000000710400000|  0%| F|  |TAMS 0x0000000710200000| PB 0x0000000710200000| Untracked |  0
|  95|0x0000000710400000, 0x0000000710400000, 0x0000000710600000|  0%| F|  |TAMS 0x0000000710400000| PB 0x0000000710400000| Untracked |  0
|  96|0x0000000710600000, 0x0000000710600000, 0x0000000710800000|  0%| F|  |TAMS 0x0000000710600000| PB 0x0000000710600000| Untracked |  0
|  97|0x0000000710800000, 0x0000000710800000, 0x0000000710a00000|  0%| F|  |TAMS 0x0000000710800000| PB 0x0000000710800000| Untracked |  0
|  98|0x0000000710a00000, 0x0000000710a00000, 0x0000000710c00000|  0%| F|  |TAMS 0x0000000710a00000| PB 0x0000000710a00000| Untracked |  0
|  99|0x0000000710c00000, 0x0000000710c00000, 0x0000000710e00000|  0%| F|  |TAMS 0x0000000710c00000| PB 0x0000000710c00000| Untracked |  0
| 100|0x0000000710e00000, 0x0000000710e00000, 0x0000000711000000|  0%| F|  |TAMS 0x0000000710e00000| PB 0x0000000710e00000| Untracked |  0
| 101|0x0000000711000000, 0x0000000711000000, 0x0000000711200000|  0%| F|  |TAMS 0x0000000711000000| PB 0x0000000711000000| Untracked |  0
| 102|0x0000000711200000, 0x0000000711200000, 0x0000000711400000|  0%| F|  |TAMS 0x0000000711200000| PB 0x0000000711200000| Untracked |  0
| 103|0x0000000711400000, 0x0000000711400000, 0x0000000711600000|  0%| F|  |TAMS 0x0000000711400000| PB 0x0000000711400000| Untracked |  0
| 104|0x0000000711600000, 0x0000000711600000, 0x0000000711800000|  0%| F|  |TAMS 0x0000000711600000| PB 0x0000000711600000| Untracked |  0
| 105|0x0000000711800000, 0x0000000711800000, 0x0000000711a00000|  0%| F|  |TAMS 0x0000000711800000| PB 0x0000000711800000| Untracked |  0
| 106|0x0000000711a00000, 0x0000000711a00000, 0x0000000711c00000|  0%| F|  |TAMS 0x0000000711a00000| PB 0x0000000711a00000| Untracked |  0
| 107|0x0000000711c00000, 0x0000000711c00000, 0x0000000711e00000|  0%| F|  |TAMS 0x0000000711c00000| PB 0x0000000711c00000| Untracked |  0
| 108|0x0000000711e00000, 0x0000000711e00000, 0x0000000712000000|  0%| F|  |TAMS 0x0000000711e00000| PB 0x0000000711e00000| Untracked |  0
| 109|0x0000000712000000, 0x0000000712000000, 0x0000000712200000|  0%| F|  |TAMS 0x0000000712000000| PB 0x0000000712000000| Untracked |  0
| 110|0x0000000712200000, 0x0000000712200000, 0x0000000712400000|  0%| F|  |TAMS 0x0000000712200000| PB 0x0000000712200000| Untracked |  0
| 111|0x0000000712400000, 0x0000000712400000, 0x0000000712600000|  0%| F|  |TAMS 0x0000000712400000| PB 0x0000000712400000| Untracked |  0
| 112|0x0000000712600000, 0x0000000712600000, 0x0000000712800000|  0%| F|  |TAMS 0x0000000712600000| PB 0x0000000712600000| Untracked |  0
| 113|0x0000000712800000, 0x0000000712800000, 0x0000000712a00000|  0%| F|  |TAMS 0x0000000712800000| PB 0x0000000712800000| Untracked |  0
| 114|0x0000000712a00000, 0x0000000712a00000, 0x0000000712c00000|  0%| F|  |TAMS 0x0000000712a00000| PB 0x0000000712a00000| Untracked |  0
| 115|0x0000000712c00000, 0x0000000712c00000, 0x0000000712e00000|  0%| F|  |TAMS 0x0000000712c00000| PB 0x0000000712c00000| Untracked |  0
| 116|0x0000000712e00000, 0x0000000712e00000, 0x0000000713000000|  0%| F|  |TAMS 0x0000000712e00000| PB 0x0000000712e00000| Untracked |  0
| 117|0x0000000713000000, 0x0000000713000000, 0x0000000713200000|  0%| F|  |TAMS 0x0000000713000000| PB 0x0000000713000000| Untracked |  0
| 118|0x0000000713200000, 0x0000000713200000, 0x0000000713400000|  0%| F|  |TAMS 0x0000000713200000| PB 0x0000000713200000| Untracked |  0
| 119|0x0000000713400000, 0x0000000713400000, 0x0000000713600000|  0%| F|  |TAMS 0x0000000713400000| PB 0x0000000713400000| Untracked |  0
| 120|0x0000000713600000, 0x0000000713700000, 0x0000000713800000| 50%| E|  |TAMS 0x0000000713600000| PB 0x0000000713600000| Complete |  0
| 121|0x0000000713800000, 0x0000000713a00000, 0x0000000713a00000|100%| E|CS|TAMS 0x0000000713800000| PB 0x0000000713800000| Complete |  0
| 122|0x0000000713a00000, 0x0000000713c00000, 0x0000000713c00000|100%| E|CS|TAMS 0x0000000713a00000| PB 0x0000000713a00000| Complete |  0
| 123|0x0000000713c00000, 0x0000000713e00000, 0x0000000713e00000|100%| E|CS|TAMS 0x0000000713c00000| PB 0x0000000713c00000| Complete |  0
| 124|0x0000000713e00000, 0x0000000714000000, 0x0000000714000000|100%| E|CS|TAMS 0x0000000713e00000| PB 0x0000000713e00000| Complete |  0
| 125|0x0000000714000000, 0x0000000714200000, 0x0000000714200000|100%| E|CS|TAMS 0x0000000714000000| PB 0x0000000714000000| Complete |  0
|2012|0x00000007ffe00000, 0x00000007fff1d248, 0x0000000800000000| 55%| O|  |TAMS 0x00000007ffe00000| PB 0x00000007ffe00000| Untracked |  0

Card table byte_map: [0x00000261fb800000,0x00000261fbfe0000] _byte_map_base: 0x00000261f7fdd000

Marking Bits: (CMBitMap*) 0x00000261e34ba5a0
 Bits: [0x00000261fbfe0000, 0x00000261ffec8000)

Polling page: 0x00000261e1230000

Metaspace:

Usage:
  Non-class:      2.85 MB used.
      Class:    256.84 KB used.
       Both:      3.10 MB used.

Virtual space:
  Non-class space:       64.00 MB reserved,       2.94 MB (  5%) committed,  1 nodes.
      Class space:        1.00 GB reserved,     320.00 KB ( <1%) committed,  1 nodes.
             Both:        1.06 GB reserved,       3.25 MB ( <1%) committed. 

Chunk freelists:
   Non-Class:  10.98 MB
       Class:  15.63 MB
        Both:  26.61 MB

MaxMetaspaceSize: unlimited
CompressedClassSpaceSize: 1.00 GB
Initial GC threshold: 21.00 MB
Current GC threshold: 21.00 MB
CDS: on
 - commit_granule_bytes: 65536.
 - commit_granule_words: 8192.
 - virtual_space_node_default_size: 8388608.
 - enlarge_chunks_in_place: 1.
UseCompressedClassPointers 1, UseCompactObjectHeaders 0
Narrow klass pointer bits 32, Max shift 3
Narrow klass base: 0x0000026183000000, Narrow klass shift: 0
Encoding Range: [0x0000026183000000 - 0x0000026283000000), (4294967296 bytes)
Klass Range:    [0x0000026183000000 - 0x00000261c4000000), (1090519040 bytes)
Klass ID Range:  [8 - 1090519033) (1090519025)


Internal statistics:

num_allocs_failed_limit: 0.
num_arena_births: 34.
num_arena_deaths: 0.
num_vsnodes_births: 2.
num_vsnodes_deaths: 0.
num_space_committed: 52.
num_space_uncommitted: 0.
num_chunks_returned_to_freelist: 0.
num_chunks_taken_from_freelist: 100.
num_chunk_merges: 0.
num_chunk_splits: 61.
num_chunks_enlarged: 39.
num_inconsistent_stats: 0.

CodeHeap 'non-profiled nmethods': size=120064Kb used=176Kb max_used=176Kb free=119887Kb
 bounds [0x00000261f37a0000, 0x00000261f3a10000, 0x00000261face0000]
CodeHeap 'profiled nmethods': size=120000Kb used=678Kb max_used=678Kb free=119321Kb
 bounds [0x00000261ebce0000, 0x00000261ebf50000, 0x00000261f3210000]
CodeHeap 'non-nmethods': size=5696Kb used=1252Kb max_used=1254Kb free=4443Kb
 bounds [0x00000261f3210000, 0x00000261f3480000, 0x00000261f37a0000]
CodeCache: size=245760Kb, used=2106Kb, max_used=2108Kb, free=243651Kb
 total_blobs=958, nmethods=545, adapters=318, full_count=0
Compilation: enabled, stopped_count=0, restarted_count=0

Compilation events (20 events):
Event: 0.876 Thread 0x0000026182992b00 nmethod 529 0x00000261ebd84c08 code [0x00000261ebd84d20, 0x00000261ebd84f88]
Event: 0.876 Thread 0x0000026182992b00  530       1       java.lang.invoke.MethodHandle::type (5 bytes)
Event: 0.876 Thread 0x0000026182992b00 nmethod 530 0x00000261f37c8408 code [0x00000261f37c8500, 0x00000261f37c85c8]
Event: 0.876 Thread 0x0000026182992b00  531       3       jdk.internal.classfile.impl.BufWriterImpl::cpIndex (33 bytes)
Event: 0.878 Thread 0x0000026182992b00 nmethod 531 0x00000261ebd85008 code [0x00000261ebd85260, 0x00000261ebd86380]
Event: 0.878 Thread 0x0000026182992b00  533       3       java.lang.System$1::countNonZeroAscii (5 bytes)
Event: 0.878 Thread 0x0000026182992b00 nmethod 533 0x00000261ebd86408 code [0x00000261ebd86580, 0x00000261ebd86b88]
Event: 0.878 Thread 0x0000026182992b00  534       3       java.lang.StringCoding::countNonZeroAscii (30 bytes)
Event: 0.879 Thread 0x0000026182992b00 nmethod 534 0x00000261ebd86c08 code [0x00000261ebd86d60, 0x00000261ebd873e8]
Event: 0.879 Thread 0x0000026182992b00  535       3       jdk.internal.util.ModifiedUtf::utfLen (58 bytes)
Event: 0.880 Thread 0x0000026182992b00 nmethod 535 0x00000261ebd87488 code [0x00000261ebd87620, 0x00000261ebd87fb8]
Event: 0.880 Thread 0x0000026182992b00  536       3       java.lang.String::getBytes (60 bytes)
Event: 0.882 Thread 0x0000026182992b00 nmethod 536 0x00000261ebd88088 code [0x00000261ebd88260, 0x00000261ebd88c20]
Event: 0.882 Thread 0x0000026182992b00  532       3       jdk.internal.classfile.impl.SplitConstantPool::utf8Entry (6 bytes)
Event: 0.882 Thread 0x0000026182992b00 nmethod 532 0x00000261ebd88c88 code [0x00000261ebd88da0, 0x00000261ebd88f58]
Event: 0.882 Thread 0x0000026182992b00  537       3       java.util.zip.ZipEntry::isCENHeaderValid (58 bytes)
Event: 0.883 Thread 0x0000026182992b00 nmethod 537 0x00000261ebd88f88 code [0x00000261ebd890e0, 0x00000261ebd896c0]
Event: 0.885 Thread 0x0000026182992b00  538       3       jdk.internal.classfile.impl.AbstractPoolEntry::hash1 (10 bytes)
Event: 0.885 Thread 0x0000026182992b00 nmethod 538 0x00000261ebd89708 code [0x00000261ebd89820, 0x00000261ebd89920]
Event: 0.885 Thread 0x0000026182992b00  540       3       jdk.internal.classfile.impl.StackMapGenerator::processBlock (2767 bytes)

GC Heap History (0 events):
No events

Dll operation events (6 events):
Event: 0.022 Loaded shared library C:\Program Files\Java\jdk-24\bin\java.dll
Event: 0.104 Loaded shared library C:\Program Files\Java\jdk-24\bin\jsvml.dll
Event: 0.338 Loaded shared library C:\Program Files\Java\jdk-24\bin\net.dll
Event: 0.341 Loaded shared library C:\Program Files\Java\jdk-24\bin\nio.dll
Event: 0.345 Loaded shared library C:\Program Files\Java\jdk-24\bin\zip.dll
Event: 0.642 Loaded shared library C:\Program Files\Java\jdk-24\bin\jimage.dll

Deoptimization events (20 events):
Event: 0.582 Thread 0x00000261e0fa9600 DEOPT PACKING pc=0x00000261f37affbc sp=0x000000cf9c9fd740
Event: 0.582 Thread 0x00000261e0fa9600 DEOPT UNPACKING pc=0x00000261f3326482 sp=0x000000cf9c9fd6e8 mode 2
Event: 0.678 Thread 0x00000261e0fa9600 DEOPT PACKING pc=0x00000261ebd37618 sp=0x000000cf9c9fe000
Event: 0.678 Thread 0x00000261e0fa9600 DEOPT UNPACKING pc=0x00000261f3265722 sp=0x000000cf9c9fd4b0 mode 0
Event: 0.718 Thread 0x00000261e0fa9600 Uncommon trap: trap_request=0xffffff4d fr.pc=0x00000261f37ac4dc relative=0x000000000000005c
Event: 0.718 Thread 0x00000261e0fa9600 Uncommon trap: reason=unstable_if action=reinterpret pc=0x00000261f37ac4dc method=java.io.WinNTFileSystem.isSlash(C)Z @ 9 c2
Event: 0.718 Thread 0x00000261e0fa9600 DEOPT PACKING pc=0x00000261f37ac4dc sp=0x000000cf9c9fe2d0
Event: 0.718 Thread 0x00000261e0fa9600 DEOPT UNPACKING pc=0x00000261f3326482 sp=0x000000cf9c9fe258 mode 2
Event: 0.725 Thread 0x00000261e0fa9600 DEOPT PACKING pc=0x00000261ebd301f8 sp=0x000000cf9c9fd860
Event: 0.725 Thread 0x00000261e0fa9600 DEOPT UNPACKING pc=0x00000261f3265722 sp=0x000000cf9c9fccf0 mode 0
Event: 0.725 Thread 0x00000261e0fa9600 DEOPT PACKING pc=0x00000261ebd301f8 sp=0x000000cf9c9fd860
Event: 0.725 Thread 0x00000261e0fa9600 DEOPT UNPACKING pc=0x00000261f3265722 sp=0x000000cf9c9fccf0 mode 0
Event: 0.729 Thread 0x00000261e0fa9600 DEOPT PACKING pc=0x00000261ebd301f8 sp=0x000000cf9c9fa190
Event: 0.729 Thread 0x00000261e0fa9600 DEOPT UNPACKING pc=0x00000261f3265722 sp=0x000000cf9c9f9620 mode 0
Event: 0.743 Thread 0x00000261e0fa9600 DEOPT PACKING pc=0x00000261ebd02779 sp=0x000000cf9c9f9da0
Event: 0.743 Thread 0x00000261e0fa9600 DEOPT UNPACKING pc=0x00000261f3265722 sp=0x000000cf9c9f91f0 mode 0
Event: 0.831 Thread 0x00000261e0fa9600 Uncommon trap: trap_request=0xffffff6e fr.pc=0x00000261f37bd864 relative=0x0000000000000444
Event: 0.831 Thread 0x00000261e0fa9600 Uncommon trap: reason=loop_limit_check action=maybe_recompile pc=0x00000261f37bd864 method=java.lang.StringLatin1.indexOf([BI[BII)I @ 37 c2
Event: 0.831 Thread 0x00000261e0fa9600 DEOPT PACKING pc=0x00000261f37bd864 sp=0x000000cf9c9fe3b0
Event: 0.831 Thread 0x00000261e0fa9600 DEOPT UNPACKING pc=0x00000261f3326482 sp=0x000000cf9c9fe310 mode 2

Classes loaded (20 events):
Event: 0.879 Loading class org/xml/sax/EntityResolver done
Event: 0.879 Loading class org/xml/sax/DTDHandler
Event: 0.879 Loading class org/xml/sax/DTDHandler done
Event: 0.879 Loading class org/xml/sax/ContentHandler
Event: 0.879 Loading class org/xml/sax/ContentHandler done
Event: 0.879 Loading class org/xml/sax/ErrorHandler
Event: 0.879 Loading class org/xml/sax/ErrorHandler done
Event: 0.880 Loading class org/xml/sax/helpers/DefaultHandler done
Event: 0.880 Loading class org/xml/sax/SAXParseException
Event: 0.880 Loading class org/xml/sax/SAXException
Event: 0.880 Loading class org/xml/sax/SAXException done
Event: 0.880 Loading class org/xml/sax/SAXParseException done
Event: 0.880 Loading class javax/xml/parsers/ParserConfigurationException
Event: 0.881 Loading class javax/xml/parsers/ParserConfigurationException done
Event: 0.883 Loading class javax/xml/parsers/SAXParserFactory
Event: 0.884 Loading class javax/xml/parsers/SAXParserFactory done
Event: 0.884 Loading class javax/xml/parsers/FactoryFinder
Event: 0.884 Loading class javax/xml/parsers/FactoryFinder done
Event: 0.886 Loading class jdk/xml/internal/SecuritySupport
Event: 0.886 Loading class jdk/xml/internal/SecuritySupport done

Classes unloaded (0 events):
No events

Classes redefined (0 events):
No events

Internal exceptions (5 events):
Event: 0.105 Thread 0x00000261e0fa9600 Exception <a 'java/io/IOException'{0x00000007140196a0}> (0x00000007140196a0) 
thrown [s\open\src\hotspot\share\prims\jni.cpp, line 518]
Event: 0.474 Thread 0x00000261e0fa9600 Exception <a 'java/lang/NoSuchMethodError'{0x0000000713f5cb20}: 'java.lang.Object java.lang.invoke.DirectMethodHandle$Holder.invokeStaticInit(java.lang.Object)'> (0x0000000713f5cb20) 
thrown [s\open\src\hotspot\share\interpreter\linkResolver.cpp, line 805]
Event: 0.824 Thread 0x00000261e0fa9600 Exception <a 'java/lang/NoSuchMethodError'{0x00000007138d89b8}: 'java.lang.Object java.lang.invoke.DelegatingMethodHandle$Holder.reinvoke_L(java.lang.Object, java.lang.Object, java.lang.Object, long, java.lang.Object)'> (0x00000007138d89b8) 
thrown [s\open\src\hotspot\share\interpreter\linkResolver.cpp, line 805]
Event: 0.827 Thread 0x00000261e0fa9600 Exception <a 'java/lang/NoSuchMethodError'{0x00000007138e8fb0}: 'java.lang.Object java.lang.invoke.Invokers$Holder.linkToTargetMethod(java.lang.Object, long, java.lang.Object, java.lang.Object)'> (0x00000007138e8fb0) 
thrown [s\open\src\hotspot\share\interpreter\linkResolver.cpp, line 805]
Event: 0.874 Thread 0x00000261e0fa9600 Exception <a 'java/lang/NoSuchMethodError'{0x0000000713959c20}: 'void java.lang.invoke.DirectMethodHandle$Holder.invokeStatic(java.lang.Object, java.lang.Object, java.lang.Object)'> (0x0000000713959c20) 
thrown [s\open\src\hotspot\share\interpreter\linkResolver.cpp, line 805]

VM Operations (2 events):
Event: 0.718 Executing VM operation: HandshakeAllThreads (Deoptimize)
Event: 0.718 Executing VM operation: HandshakeAllThreads (Deoptimize) done

Memory protections (0 events):
No events

Nmethod flushes (0 events):
No events

Events (11 events):
Event: 0.062 Thread 0x00000261e0fa9600 Thread added: 0x00000261e0fa9600
Event: 0.092 Thread 0x00000261e0fa9600 Thread added: 0x0000026182989c00
Event: 0.092 Thread 0x00000261e0fa9600 Thread added: 0x000002618298c450
Event: 0.093 Thread 0x00000261e0fa9600 Thread added: 0x000002618298ef90
Event: 0.093 Thread 0x00000261e0fa9600 Thread added: 0x000002618298fac0
Event: 0.093 Thread 0x00000261e0fa9600 Thread added: 0x00000261829905f0
Event: 0.093 Thread 0x00000261e0fa9600 Thread added: 0x0000026182991120
Event: 0.093 Thread 0x00000261e0fa9600 Thread added: 0x0000026182991f80
Event: 0.094 Thread 0x00000261e0fa9600 Thread added: 0x0000026182992b00
Event: 0.323 Thread 0x00000261e0fa9600 Thread added: 0x0000026182a36570
Event: 0.329 Thread 0x00000261e0fa9600 Thread added: 0x0000026182a40f90


Dynamic libraries:
0x00007ff7000d0000 - 0x00007ff7000e0000 	C:\Program Files\Java\jdk-24\bin\java.exe
0x00007ffa93400000 - 0x00007ffa93667000 	C:\WINDOWS\SYSTEM32\ntdll.dll
0x00007ffa928f0000 - 0x00007ffa929b9000 	C:\WINDOWS\System32\KERNEL32.DLL
0x00007ffa90950000 - 0x00007ffa90d3f000 	C:\WINDOWS\System32\KERNELBASE.dll
0x00007ffa90550000 - 0x00007ffa9069b000 	C:\WINDOWS\System32\ucrtbase.dll
0x00007ffa74960000 - 0x00007ffa7497b000 	C:\Program Files\Java\jdk-24\bin\VCRUNTIME140.dll
0x00007ffa73f70000 - 0x00007ffa73f86000 	C:\Program Files\Java\jdk-24\bin\jli.dll
0x00007ffa919b0000 - 0x00007ffa91b75000 	C:\WINDOWS\System32\USER32.dll
0x00007ffa772a0000 - 0x00007ffa77533000 	C:\WINDOWS\WinSxS\amd64_microsoft.windows.common-controls_6595b64144ccf1df_6.0.26100.7309_none_3e05feeae336a044\COMCTL32.dll
0x00007ffa91170000 - 0x00007ffa91197000 	C:\WINDOWS\System32\win32u.dll
0x00007ffa91780000 - 0x00007ffa91829000 	C:\WINDOWS\System32\msvcrt.dll
0x00007ffa93390000 - 0x00007ffa933bb000 	C:\WINDOWS\System32\GDI32.dll
0x00007ffa90ec0000 - 0x00007ffa90fec000 	C:\WINDOWS\System32\gdi32full.dll
0x00007ffa90810000 - 0x00007ffa908b3000 	C:\WINDOWS\System32\msvcp_win.dll
0x00007ffa92be0000 - 0x00007ffa92c11000 	C:\WINDOWS\System32\IMM32.DLL
0x00007ffa75ee0000 - 0x00007ffa75eec000 	C:\Program Files\Java\jdk-24\bin\vcruntime140_1.dll
0x00007ffa50e70000 - 0x00007ffa50efe000 	C:\Program Files\Java\jdk-24\bin\msvcp140.dll
0x00007ff9c7ce0000 - 0x00007ff9c8a81000 	C:\Program Files\Java\jdk-24\bin\server\jvm.dll
0x00007ffa91220000 - 0x00007ffa912d4000 	C:\WINDOWS\System32\ADVAPI32.dll
0x00007ffa91b80000 - 0x00007ffa91c26000 	C:\WINDOWS\System32\sechost.dll
0x00007ffa92d60000 - 0x00007ffa92e78000 	C:\WINDOWS\System32\RPCRT4.dll
0x00007ffa92e80000 - 0x00007ffa92ef4000 	C:\WINDOWS\System32\WS2_32.dll
0x00007ffa903b0000 - 0x00007ffa9040e000 	C:\WINDOWS\SYSTEM32\POWRPROF.dll
0x00007ffa780e0000 - 0x00007ffa78115000 	C:\WINDOWS\SYSTEM32\WINMM.dll
0x00007ffa88a30000 - 0x00007ffa88a3b000 	C:\WINDOWS\SYSTEM32\VERSION.dll
0x00007ffa90390000 - 0x00007ffa903a4000 	C:\WINDOWS\SYSTEM32\UMPDC.dll
0x00007ffa8f2c0000 - 0x00007ffa8f2db000 	C:\WINDOWS\SYSTEM32\kernel.appcore.dll
0x00007ffa70750000 - 0x00007ffa7075a000 	C:\Program Files\Java\jdk-24\bin\jimage.dll
0x00007ffa8dc90000 - 0x00007ffa8ded2000 	C:\WINDOWS\SYSTEM32\DBGHELP.DLL
0x00007ffa912f0000 - 0x00007ffa91676000 	C:\WINDOWS\System32\combase.dll
0x00007ffa91c30000 - 0x00007ffa91d06000 	C:\WINDOWS\System32\OLEAUT32.dll
0x00007ffa6b9a0000 - 0x00007ffa6b9dc000 	C:\WINDOWS\SYSTEM32\dbgcore.DLL
0x00007ffa90d50000 - 0x00007ffa90df5000 	C:\WINDOWS\System32\bcryptPrimitives.dll
0x00007ffa70730000 - 0x00007ffa7074e000 	C:\Program Files\Java\jdk-24\bin\java.dll
0x00007ffa91d10000 - 0x00007ffa91ea7000 	C:\WINDOWS\System32\ole32.dll
0x00007ffa92190000 - 0x00007ffa928e3000 	C:\WINDOWS\System32\SHELL32.dll
0x00007ffa906a0000 - 0x00007ffa9080a000 	C:\WINDOWS\System32\wintypes.dll
0x00007ffa8e110000 - 0x00007ffa8e96e000 	C:\WINDOWS\SYSTEM32\windows.storage.dll
0x00007ffa929c0000 - 0x00007ffa92ab5000 	C:\WINDOWS\System32\SHCORE.dll
0x00007ffa91eb0000 - 0x00007ffa91f16000 	C:\WINDOWS\System32\shlwapi.dll
0x00007ffa90470000 - 0x00007ffa90499000 	C:\WINDOWS\SYSTEM32\profapi.dll
0x00007ffa49110000 - 0x00007ffa491e7000 	C:\Program Files\Java\jdk-24\bin\jsvml.dll
0x00007ffa70720000 - 0x00007ffa70730000 	C:\Program Files\Java\jdk-24\bin\net.dll
0x00007ffa8f810000 - 0x00007ffa8f87b000 	C:\WINDOWS\system32\mswsock.dll
0x00007ffa70700000 - 0x00007ffa70716000 	C:\Program Files\Java\jdk-24\bin\nio.dll
0x00007ffa70430000 - 0x00007ffa70447000 	C:\Program Files\Java\jdk-24\bin\zip.dll

JVMTI agents: none

dbghelp: loaded successfully - version: 4.0.5 - missing functions: none
symbol engine: initialized successfully - sym options: 0x614 - pdb path: .;C:\Program Files\Java\jdk-24\bin;C:\WINDOWS\SYSTEM32;C:\WINDOWS\WinSxS\amd64_microsoft.windows.common-controls_6595b64144ccf1df_6.0.26100.7309_none_3e05feeae336a044;C:\Program Files\Java\jdk-24\bin\server

VM Arguments:
jvm_args: -Dfile.encoding=UTF-8 -Duser.country=US -Duser.language=en -Duser.variant 
java_command: org.dals.project.ApplicationKt
java_class_path (initial): C:\Users\ADMIN\AxionBank\Axio Bank\server\build\classes\java\main;C:\Users\ADMIN\AxionBank\Axio Bank\server\build\classes\kotlin\main;C:\Users\ADMIN\AxionBank\Axio Bank\server\build\resources\main;C:\Users\ADMIN\AxionBank\Axio Bank\shared\build\libs\shared-jvm.jar;C:\Users\ADMIN\.gradle\caches\modules-2\files-2.1\io.ktor\ktor-server-netty-jvm\3.3.1\14d79a6c3f3f848592586545f3e8314b769271f8\ktor-server-netty-jvm-3.3.1.jar;C:\Users\ADMIN\.gradle\caches\modules-2\files-2.1\io.ktor\ktor-server-content-negotiation-jvm\3.3.1\d417e1794bb7cc21ef20c7a50a32b14d06c6f59c\ktor-server-content-negotiation-jvm-3.3.1.jar;C:\Users\ADMIN\.gradle\caches\modules-2\files-2.1\io.ktor\ktor-server-html-builder-jvm\3.3.1\61575702aee6e0b44f83da4e8257a05cad8a1585\ktor-server-html-builder-jvm-3.3.1.jar;C:\Users\ADMIN\.gradle\caches\modules-2\files-2.1\io.ktor\ktor-server-cors-jvm\3.3.1\6ed98490b18899d746ecfd8839f050e4249df6\ktor-server-cors-jvm-3.3.1.jar;C:\Users\ADMIN\.gradle\caches\modules-2\files-2.1\io.ktor\ktor-server-auth-jwt-jvm\3.3.1\19ebb03e29e46d1d72c34de5a7b4aaf1ada9c62d\ktor-server-auth-jwt-jvm-3.3.1.jar;C:\Users\ADMIN\.gradle\caches\modules-2\files-2.1\io.ktor\ktor-server-auth-jvm\3.3.1\5354b5e3f621bb1623edc1bcd4fc42c1e5c8c99\ktor-server-auth-jvm-3.3.1.jar;C:\Users\ADMIN\.gradle\caches\modules-2\files-2.1\io.ktor\ktor-server-status-pages-jvm\3.3.1\b5cf6cd9af6635980189e95ae47682fe1e6b6729\ktor-server-status-pages-jvm-3.3.1.jar;C:\Users\ADMIN\.gradle\caches\modules-2\files-2.1\io.ktor\ktor-server-call-logging-jvm\3.3.1\422257860c51d6b8ce3c4ac35f7c78c93720a1ba\ktor-server-call-logging-jvm-3.3.1.jar;C:\Users\ADMIN\.gradle\caches\modules-2\files-2.1\io.ktor\ktor-server-default-headers-jvm\3.3.1\9f4c52702899d5940ebdc6cb728283174d34e7b1\ktor-server-default-headers-jvm-3.3.1.jar;C:\Users\ADMIN\.gradle\caches\modules-2\files-2.1\io.ktor\ktor-server-sessions-jvm\3.3.1\aee92fd6f0a61f2a259f0ef78c937a3578ede1c2\ktor-server-sessions-jvm-3.3.1.jar;C:\Users\ADMIN\.gradle\caches\modules-2\files-2.1\io.ktor\ktor-server-core-jvm\3.3.1\1a9a585e01e2a7b1438fd673fe611164b2a58f93\ktor-server-core-jvm-3.3.1.jar;C:\Users\ADMIN\.gradle\caches\modules-2\files-2.1\org.jetbrains.exposed\exposed-dao\0.46.0\9abd44f2bb62a66f7abb5880a58446767ede24de\exposed-dao-0.46.0.jar;C:\Users\ADMIN\.gradle\caches\modules-2\files-2.1\org.jetbrains.exposed\exposed-jdbc\0.46.0\226bc813dc172a6b0820e610336875de983ad1b6\exposed-jdbc-0.46.0.jar;C:\Users\ADMIN\.gradle\caches\modules-2\files-2.1\org.jetbrains.exposed\exposed-java-time\0.46.0\f675281d164b742b35aa0e3c2d3ce21329afb67c\exposed-java-time-0.46.0.jar;C:\Users\ADMIN\.gradle\caches\modules-2\files-2.1\org.jetbrains.exposed\exposed-json\0.46.0\547b43d7b9642595efea4ab6e7a53dc26a6a210a\exposed-json-0.46.0.jar;C:\Users\ADMIN\.gradle\caches\modules-2\files-2.1\org.jetbrains.exposed\exposed-core\0.46.0\da8face242a5ee48f49b88cce301eeb44c5bec2f\exposed-core-0.46.0.jar;C:\Users\ADMIN\.gradle\caches\modules-2\files-2.1\org.jetbrains.kotlin\kotlin-reflect\2.2.20\665c83286bdf6e8ed541ff485e0d322ffeca8d2b\kotlin-reflect-2.2.20.jar;C:\Users\ADMIN\.gradle\caches\modules-2\files-2.1\io.ktor\ktor-serialization-kotlinx-json-jvm\3.3.1\ed250d2aa59960923eac0591737ad80d79b7d7c\ktor-serialization-kotlinx-json-jvm-3.3.1.jar;C:\Users\ADMIN\.gradle\caches\modules-2\files-2.1\io.ktor\ktor-client-cio-jvm\3.3.1\a43a4771e07088374f81d526ff97d7a0820ec9dd\ktor-client-cio-jvm-3.3.1.jar;C:\Users\ADMIN\.gradle\caches\modules-2\files-2.1\io.ktor\ktor-client-content-negotiation-jvm\3.3.1\9bff5304dc73e99e65f911558c651745974a980c\ktor-client-content-negotiation-jvm-3.3.1.jar;C:\Users\ADMIN\.gradle\caches\modules-2\files-2.1\io.ktor\ktor-client-logging-jvm\3.3.1\3a5e92e8e742caae3ab496e6c6b7de8d02b7d1a4\ktor-client-logging-jvm-3.3.1.jar;C:\Users\ADMIN\.gradle\caches\modules-2\files-2.1\io.ktor\ktor-client-serialization-jvm\3.3.1\c1e628ec080fee200bb16f5c08493e296deadf39\ktor-client-serialization-jvm-3.3.1.jar;C:\Users\ADMIN\.gradle\caches\modules-2\files-2.1\io.ktor\ktor-client-json-jvm\3.3.1\df024d8356b6b75743a2958c1a00dcd185edfb00\ktor-client-json-jvm-3.3.1.jar;C:\Users\ADMIN\.gradle\caches\modules-2\files-2.1\io.ktor\ktor-client-core-jvm\3.3.1\65a71bca03103b363aa80a5d9855230823c3531e\ktor-client-core-jvm-3.3.1.jar;C:\Users\ADMIN\.gradle\caches\modules-2\files-2.1\io.ktor\ktor-http-cio-jvm\3.3.1\e57ea3434034db6a5198b13852d198fdd5afc431\ktor-http-cio-jvm-3.3.1.jar;C:\Users\ADMIN\.gradle\caches\modules-2\files-2.1\io.ktor\ktor-serialization-kotlinx-jvm\3.3.1\8bc630305f9cf2cc64141322541844624b3c012a\ktor-serialization-kotlinx-jvm-3.3.1.jar;C:\Users\ADMIN\.gradle\caches\modules-2\files-2.1\io.ktor\ktor-websocket-serialization-jvm\3.3.1\517cce019f12ceb348a260f5ba90af36c175ed80\ktor-websocket-serialization-jvm-3.3.1.jar;C:\Users\ADMIN\.gradle\caches\modules-2\files-2.1\io.ktor\ktor-serialization-jvm\3.3.1\df0ff5ca356bb13bc34ef6a15de16509a0c9a07e\ktor-serialization-jvm-3.3.1.jar;C:\Users\ADMIN\.gradle\caches\modules-2\files-2.1\io.ktor\ktor-websockets-jvm\3.3.1\c072cdc97df3f17b8d73f9d317c260c4319360d0\ktor-websockets-jvm-3.3.1.jar;C:\Users\ADMIN\.gradle\caches\modules-2\files-2.1\io.ktor\ktor-network-tls-jvm\3.3.1\adb388d18a6174fb64bfca43ffeffe1e9800d2d7\ktor-network-tls-jvm-3.3.1.jar;C:\Users\ADMIN\.gradle\caches\modules-2\files-2.1\io.ktor\ktor-http-jvm\3.3.1\d3c0b70319bb5885dee5fbda4463655290454b8f\ktor-http-jvm-3.3.1.jar;C:\Users\ADMIN\.gradle\caches\modules-2\files-2.1\io.ktor\ktor-events-jvm\3.3.1\df35193647abd083ba4a6c98c511441491ae1530\ktor-events-jvm-3.3.1.jar;C:\Users\ADMIN\.gradle\caches\modules-2\files-2.1\io.ktor\ktor-sse-jvm\3.3.1\4f3db927e83bf34568c092e8549d511dc2ce8752\ktor-sse-jvm-3.3.1.jar;C:\Users\ADMIN\.gradle\caches\modules-2\files-2.1\io.ktor\ktor-network-jvm\3.3.1\d49b04ea1257ab4cf18022ff6569e9a378235e6c\ktor-network-jvm-3.3.1.jar;C:\Users\ADMIN\.gradle\caches\modules-2\files-2.1\io.ktor\ktor-utils-jvm\3.3.1\e68903fb0fad385dc3b07a440a2d2967f59062b2\ktor-utils-jvm-3.3.1.jar;C:\Users\ADMIN\.gradle\caches\modules-2\files-2.1\org.jetbrains.kotlinx\kotlinx-coroutines-slf4j\1.10.2\1271f9d4a929150bb87ab8d1dc1e86d4bcf039f3\kotlinx-coroutines-slf4j-1.10.2.jar;C:\Users\ADMIN\.gradle\caches\modules-2\files-2.1\io.ktor\ktor-io-jvm\3.3.1\198aa3009d4c64c2550c6d2b4358b45bc6df3a2e\ktor-io-jvm-3.3.1.jar;C:\Users\ADMIN\.gradle\caches\modules-2\files-2.1\org.jetbrains.kotlinx\kotlinx-coroutines-core-jvm\1.10.2\4a9f78ef49483748e2c129f3d124b8fa249dafbf\kotlinx-coroutines-core-jvm-1.10.2.jar;C:\Users\ADMIN\.gradle\caches\modules-2\files-2.1\org.jetbrains.kotlinx\kotlinx-serialization-core-jvm\1.9.0\91448df39c558f7c6147b8bd8db01debe16e0cc1\kotlinx-serialization-core-jvm-1.9.0.jar;C:\Users\ADMIN\.gradle\caches\modules-2\files-2.1\org.jetbrains.kotlinx\kotlinx-serialization-json-io-jvm\1.9.0\3a371942a591532d0d9245ca6787ee677853bebd\kotlinx-serialization-json-io-jvm-1.9.0.jar;C:\Users\ADMIN\.gradle\caches\modules-2\files-2.1\org.jetbrains.kotlinx\kotlinx-serialization-json-jvm\1.9.0\aea6f7d49fe5c458f8963ee6d4bdaf4a459ab3e7\kotlinx-serialization-json-jvm-1.9.0.jar;C:\Users\ADMIN\.gradle\caches\modules-2\files-2.1\org.jetbrains.kotlinx\kotlinx-html-jvm\0.12.0\5848165ef07532e4b72919ac26f527c0835b7555\kotlinx-html-jvm-0.12.0.jar;C:\Users\ADMIN\.gradle\caches\modules-2\files-2.1\org.jetbrains.kotlinx\kotlinx-datetime-jvm\0.6.2\f177b43ce53f69151797206ce762b36199692474\kotlinx-datetime-jvm-0.6.2.jar;C:\Users\ADMIN\.gradle\caches\modules-2\files-2.1\org.jetbrains.kotlinx\kotlinx-io-core-jvm\0.8.0\358a9f2ba2dc81c5dc84c3d1853f6e5efba63be1\kotlinx-io-core-jvm-0.8.0.jar;C:\Users\ADMIN\.gradle\caches\modules-2\files-2.1\org.jetbrains.kotlinx\kotlinx-io-bytestring-jvm\0.8.0\89c5399596250e71f2bba6d2415972a078a525c7\kotlinx-io-bytestring-jvm-0.8.0.jar;C:\Users\ADMIN\.gradle\caches\modules-2\files-2.1\org.jetbrains.kotlin\kotlin-stdlib\2.2.20\5380b19fa1924399b62ce3a1faffebb2b4f82272\kotlin-stdlib-2.2.20.jar;C:\Users\ADMIN\.gradle\caches\modules-2\files-2.1\ch.qos.logback\logback-classic\1.5.20\3db675c8bc2f791612721d177ba54021eed3ade9\logback-classic-1.5.20.jar;C:\Users\ADMIN\.gradle\caches\modules-2\files-2.1\org.postgresql\postgresql\42.7.2\86ed42574cd68662b05d3b00432a34e9a34cb12c\postgresql-42.7.2.jar;C:\Users\ADMIN\.gradle\caches\modules-2\files-2.1\com.h2database\h2\2.2.224\7bdade27d8cd197d9b5ce9dc251f41d2edc5f7ad\h2-2.2.224.jar;C:\Users\ADMIN\.gradle\caches\modules-2\files-2.1\com.zaxxer\HikariCP\5.1.0\8c96e36c14461fc436bb02b264b96ef3ca5dca8c\HikariCP-5.1.0.jar;C:\Users\ADMIN\.gradle\caches\modules-2\files-2.1\org.mindrot\jbcrypt\0.4\af7e61017f73abb18ac4e036954f9f28c6366c07\jbcrypt-0.4.jar;C:\Users\ADMIN\.gradle\caches\modules-2\files-2.1\org.jetbrains\annotations\23.0.0\8cc20c07506ec18e0834947b84a864bfc094484e\annotations-23.0.0.jar;C:\Users\ADMIN\.gradle\caches\modules-2\files-2.1\ch.qos.logback\logback-core\1.5.20\c5e87126a18d729240c683db179a9387b2daa632\logback-core-1.5.20.jar;C:\Users\ADMIN\.gradle\caches\modules-2\files-2.1\org.slf4j\slf4j-api\2.0.17\d9e58ac9c7779ba3bf8142aff6c830617a7fe60f\slf4j-api-2.0.17.jar;C:\Users\ADMIN\.gradle\caches\modules-2\files-2.1\com.typesafe\config\1.4.4\f19816be89ef80f9106535828ba32fd4cd8e6b77\config-1.4.4.jar;C:\Users\ADMIN\.gradle\caches\modules-2\files-2.1\org.fusesource.jansi\jansi\2.4.2\ba7387c31622c6650b83edba1bbb115f1fe462ba\jansi-2.4.2.jar;C:\Users\ADMIN\.gradle\caches\modules-2\files-2.1\io.netty\netty-codec-http2\4.2.6.Final\55b556602dd5ae7adf7a0ef4720195138018a623\netty-codec-http2-4.2.6.Final.jar;C:\Users\ADMIN\.gradle\caches\modules-2\files-2.1\org.eclipse.jetty.alpn\alpn-api\1.1.3.v20160715\a1bf3a937f91b4c953acd13e8c9552347adc2198\alpn-api-1.1.3.v20160715.jar;C:\Users\ADMIN\.gradle\caches\modules-2\files-2.1\io.netty\netty-transport-native-kqueue\4.2.6.Final\adfb07c0a0adaa05b775ceca42d7a8d253aae387\netty-transport-native-kqueue-4.2.6.Final.jar;C:\Users\ADMIN\.gradle\caches\modules-2\files-2.1\io.netty\netty-transport-native-epoll\4.2.6.Final\566aa76105def80e10fc54fd615236366946a4c3\netty-transport-native-epoll-4.2.6.Final.jar;C:\Users\ADMIN\.gradle\caches\modules-2\files-2.1\com.auth0\jwks-rsa\0.23.0\76b14c3f09a1edea16856ec500a18030fa192065\jwks-rsa-0.23.0.jar;C:\Users\ADMIN\.gradle\caches\modules-2\files-2.1\com.google.guava\guava\32.1.2-jre\5e64ec7e056456bef3a4bc4c6fdaef71e8ab6318\guava-32.1.2-jre.jar;C:\Users\ADMIN\.gradle\caches\modules-2\files-2.1\org.checkerframework\checker-qual\3.42.0\638ec33f363a94d41a4f03c3e7d3dcfba64e402d\checker-qual-3.42.0.jar;C:\Users\ADMIN\.gradle\caches\modules-2\files-2.1\io.netty\netty-codec-http\4.2.6.Final\26da0fb9215bde2ecd551b941ccb974f65f59884\netty-codec-http-4.2.6.Final.jar;C:\Users\ADMIN\.gradle\caches\modules-2\files-2.1\io.netty\netty-handler\4.2.6.Final\311ea62f27b26685b306dc24c4bbf765bc1950d9\netty-handler-4.2.6.Final.jar;C:\Users\ADMIN\.gradle\caches\modules-2\files-2.1\io.netty\netty-codec-compression\4.2.6.Final\fadf334ce949ae99b96b4b9d95d59c30a5dc2614\netty-codec-compression-4.2.6.Final.jar;C:\Users\ADMIN\.gradle\caches\modules-2\files-2.1\io.netty\netty-codec-base\4.2.6.Final\fd6ff9613696f99857daeca37d4cfed22b1eb69e\netty-codec-base-4.2.6.Final.jar;C:\Users\ADMIN\.gradle\caches\modules-2\files-2.1\io.netty\netty-transport-classes-kqueue\4.2.6.Final\733ed768c1877b65874b6d2ee8e2e5cad85872bd\netty-transport-classes-kqueue-4.2.6.Final.jar;C:\Users\ADMIN\.gradle\caches\modules-2\files-2.1\io.netty\netty-transport-classes-epoll\4.2.6.Final\b61968c0cb9c474df7a0ddc7cd577fed677efbbb\netty-transport-classes-epoll-4.2.6.Final.jar;C:\Users\ADMIN\.gradle\caches\modules-2\files-2.1\io.netty\netty-transport-native-unix-common\4.2.6.Final\cacd60c080051c74b9487074cf89d28ec892d71c\netty-transport-native-unix-common-4.2.6.Final.jar;C:\Users\ADMIN\.gradle\caches\modules-2\files-2.1\io.netty\netty-transport\4.2.6.Final\15af02f1735db36455f2af2fd11b64e9f4499008\netty-transport-4.2.6.Final.jar;C:\Users\ADMIN\.gradle\caches\modules-2\files-2.1\io.netty\netty-buffer\4.2.6.Final\4dfa898e145ea6910b9e99388f35e0ad483a6dfa\netty-buffer-4.2.6.Final.jar;C:\Users\ADMIN\.gradle\caches\modules-2\files-2.1\io.netty\netty-resolver\4.2.6.Final\121223f223094539282b916c303ac52c7875b9aa\netty-resolver-4.2.6.Final.jar;C:\Users\ADMIN\.gradle\caches\modules-2\files-2.1\io.netty\netty-common\4.2.6.Final\5746874869298a07b468dd50b5991f457e773620\netty-common-4.2.6.Final.jar;C:\Users\ADMIN\.gradle\caches\modules-2\files-2.1\com.auth0\java-jwt\4.5.0\d7004155fe57a107cc40fb6be0132d8ad2530613\java-jwt-4.5.0.jar;C:\Users\ADMIN\.gradle\caches\modules-2\files-2.1\com.fasterxml.jackson.core\jackson-annotations\2.15.4\5223ea5a9bf52cdc9c5e537a0e52f2432eaf208b\jackson-annotations-2.15.4.jar;C:\Users\ADMIN\.gradle\caches\modules-2\files-2.1\com.fasterxml.jackson.core\jackson-databind\2.15.4\560309fc381f77d4d15c4a4cdaa0db5025c4fd13\jackson-databind-2.15.4.jar;C:\Users\ADMIN\.gradle\caches\modules-2\files-2.1\com.fasterxml.jackson.core\jackson-core\2.15.4\aebe84b45360debad94f692a4074c6aceb535fa0\jackson-core-2.15.4.jar;C:\Users\ADMIN\.gradle\caches\modules-2\files-2.1\com.google.guava\failureaccess\1.0.1\1dcf1de382a0bf95a3d8b0849546c88bac1292c9\failureaccess-1.0.1.jar;C:\Users\ADMIN\.gradle\caches\modules-2\files-2.1\com.google.guava\listenablefuture\9999.0-empty-to-avoid-conflict-with-guava\b421526c5f297295adef1c886e5246c39d4ac629\listenablefuture-9999.0-empty-to-avoid-conflict-with-guava.jar;C:\Users\ADMIN\.gradle\caches\modules-2\files-2.1\com.google.code.findbugs\jsr305\3.0.2\25ea2e8b0c338a877313bd4672d3fe056ea78f0d\jsr305-3.0.2.jar;C:\Users\ADMIN\.gradle\caches\modules-2\files-2.1\com.google.errorprone\error_prone_annotations\2.18.0\89b684257096f548fa39a7df9fdaa409d4d4df91\error_prone_annotations-2.18.0.jar
Launcher Type: SUN_STANDARD

[Global flags]
     intx CICompilerCount                          = 4                                         {product} {ergonomic}
     uint ConcGCThreads                            = 2                                         {product} {ergonomic}
     uint G1ConcRefinementThreads                  = 8                                         {product} {ergonomic}
   size_t G1HeapRegionSize                         = 2097152                                   {product} {ergonomic}
   size_t InitialHeapSize                          = 264241152                                 {product} {ergonomic}
   size_t MarkStackSize                            = 4194304                                   {product} {ergonomic}
   size_t MarkStackSizeMax                         = 536870912                                 {product} {ergonomic}
   size_t MaxHeapSize                              = 4221566976                                {product} {ergonomic}
   size_t MaxNewSize                               = 2531262464                                {product} {ergonomic}
   size_t MinHeapDeltaBytes                        = 2097152                                   {product} {ergonomic}
   size_t MinHeapSize                              = 8388608                                   {product} {ergonomic}
    uintx NonNMethodCodeHeapSize                   = 5832704                                {pd product} {ergonomic}
    uintx NonProfiledCodeHeapSize                  = 122945536                              {pd product} {ergonomic}
    uintx ProfiledCodeHeapSize                     = 122880000                              {pd product} {ergonomic}
    uintx ReservedCodeCacheSize                    = 251658240                              {pd product} {ergonomic}
     bool SegmentedCodeCache                       = true                                      {product} {ergonomic}
   size_t SoftMaxHeapSize                          = 4221566976                             {manageable} {ergonomic}
     bool UseCompressedOops                        = true                           {product lp64_product} {ergonomic}
     bool UseG1GC                                  = true                                      {product} {ergonomic}
     bool UseLargePagesIndividualAllocation        = false                                  {pd product} {ergonomic}

Logging:
Log output configuration:
 #0: stdout all=warning uptime,level,tags foldmultilines=false
 #1: stderr all=off uptime,level,tags foldmultilines=false

Environment Variables:
PATH=C:\Python314\Scripts\;C:\Python314\;C:\Program Files\Common Files\Oracle\Java\javapath;C:\Program Files (x86)\Common Files\Oracle\Java\java8path;C:\Program Files (x86)\Common Files\Oracle\Java\javapath;C:\WINDOWS\system32;C:\WINDOWS;C:\WINDOWS\System32\Wbem;C:\WINDOWS\System32\WindowsPowerShell\v1.0\;C:\WINDOWS\System32\OpenSSH\;C:\Program Files\dotnet\;C:\Program Files\Microsoft SQL Server\Client SDK\ODBC\170\Tools\Binn\;C:\php-8.4.5;C:\Program Files\Git\cmd;C:\Program Files\Docker\Docker\resources\bin;C:\Program Files\nodejs\;C:\ProgramData\chocolatey\bin;C:\Strawberry\c\bin;C:\Strawberry\perl\site\bin;C:\Strawberry\perl\bin;C:\Program Files\CMake\bin;C:\Program Files\swipl\bin;C:\Users\ADMIN\AppData\Local\Programs\Python\Python313\Scripts\;C:\Users\ADMIN\AppData\Local\Programs\Python\Python313\;C:\Python314\Scripts\;C:\Python314\;C:\Program Files\Common Files\Oracle\Java\javapath;C:\Program Files (x86)\Common Files\Oracle\Java\java8path;C:\Program Files (x86)\Common Files\Oracle\Java\javapath;C:\WINDOWS\system32;C:\WINDOWS;C:\WINDOWS\System32\Wbem;C:\WINDOWS\System32\WindowsPowerShell\v1.0\;C:\WINDOWS\System32\OpenSSH\;C:\Program Files\dotnet\;C:\Program Files\Microsoft SQL Server\Client SDK\ODBC\170\Tools\Binn\;C:\php-8.4.5;C:\Program Files\Git\cmd;C:\Program Files\Docker\Docker\resources\bin;C:\Program Files\nodejs\;C:\ProgramData\chocolatey\bin;C:\Strawberry\c\bin;C:\Strawberry\perl\site\bin;C:\Strawberry\perl\bin;C:\Python314\Scripts\;C:\Python314\;C:\Program Files\Common Files\Oracle\Java\javapath;C:\Program Files (x86)\Common Files\Oracle\Java\java8path;C:\Program Files (x86)\Common Files\Oracle\Java\javapath;C:\WINDOWS\system32;C:\WINDOWS;C:\WINDOWS\System32\Wbem;C:\WINDOWS\System32\WindowsPowerShell\v1.0\;C:\WINDOWS\System32\OpenSSH\;C:\Program Files\dotnet\;C:\Program Files\Microsoft SQL Se;C:\Program Files\pgAdmin 4;C:\Program Files\PostgreSQL\18\bin;
USERNAME=ADMIN
OS=Windows_NT
PROCESSOR_IDENTIFIER=Intel64 Family 6 Model 142 Stepping 12, GenuineIntel
TMP=C:\Users\ADMIN\AppData\Local\Temp
TEMP=C:\Users\ADMIN\AppData\Local\Temp




Periodic native trim disabled

---------------  S Y S T E M  ---------------

OS:
 Windows 11 , 64 bit Build 26100 (10.0.26100.7623)
OS uptime: 2 days 3:45 hours
Hyper-V role detected

CPU: total 8 (initial active 8) (4 cores per cpu, 2 threads per core) family 6 model 142 stepping 12 microcode 0x100, cx8, cmov, fxsr, ht, mmx, 3dnowpref, sse, sse2, sse3, ssse3, sse4.1, sse4.2, popcnt, lzcnt, tsc, tscinvbit, avx, avx2, aes, erms, clmul, bmi1, bmi2, adx, fma, vzeroupper, clflush, clflushopt, hv, rdtscp, f16c
Processor Information for the first 8 processors :
  Max Mhz: 1800, Current Mhz: 1600, Mhz Limit: 1584

Memory: 4k page, system-wide physical 16102M (1080M free)
TotalPageFile size 42308M (AvailPageFile size 10M)
current process WorkingSet (physical memory assigned to process): 60M, peak: 60M
current process commit charge ("private bytes"): 348M, peak: 348M

vm_info: Java HotSpot(TM) 64-Bit Server VM (24.0.2+12-54) for windows-amd64 JRE (24.0.2+12-54), built on 2025-07-08T12:10:27Z with MS VC++ 17.6 (VS2022)

END.
